#
# A fatal error has been detected by the Java Runtime Environment:
#
#  SIGSEGV (0xb) at pc=0x00000001019ec0ef, pid=10168, tid=775
#
# JRE version: Java(TM) SE Runtime Environment (7.0_79-b15) (build 1.7.0_79-b15)
# Java VM: Java HotSpot(TM) 64-Bit Server VM (24.79-b02 mixed mode bsd-amd64 compressed oops)
# Problematic frame:
# C  [XUL+0x16df0ef]  mozilla_set_coreaudio_notification_runloop_if_needed+0x16cf8f
#
# Failed to write core dump. Core dumps have been disabled. To enable core dumping, try "ulimit -c unlimited" before starting Java again
#
# If you would like to submit a bug report, please visit:
#   http://bugreport.java.com/bugreport/crash.jsp
# The crash happened outside the Java Virtual Machine in native code.
# See problematic frame for where to report the bug.
#

---------------  T H R E A D  ---------------

Current thread (0x0000000116541000):  JavaThread "Thread-0" [_thread_in_native, id=775, stack(0x00007fff5f400000,0x00007fff5fc00000)]

siginfo:si_signo=SIGSEGV: si_errno=0, si_code=1 (SEGV_MAPERR), si_addr=0x0000000000000008

Registers:
RAX=0x00007fff5fbfe350, RBX=0x0000000105772100, RCX=0x00007fff5fbfca78, RDX=0x0000000104a54088
RSP=0x00007fff5fbfc9d0, RBP=0x00007fff5fbfca50, RSI=0x0000000000000001, RDI=0x0000000000000109
R8 =0x0000000000000005, R9 =0x0000000105737068, R10=0xffffffffffffffff, R11=0x0000000000000202
R12=0x00007fff5fbfca80, R13=0x0000000107a01280, R14=0x00007fff5fbfca78, R15=0x0000000000000000
RIP=0x00000001019ec0ef, EFLAGS=0x0000000000010206, ERR=0x0000000000000004
  TRAPNO=0x000000000000000e

Top of Stack: (sp=0x00007fff5fbfc9d0)
0x00007fff5fbfc9d0:   00007fff798d2390 0000000100013b02
0x00007fff5fbfc9e0:   0000000104ee2000 00000001166014a0
0x00007fff5fbfc9f0:   0000000105600290 0000000000000000
0x00007fff5fbfca00:   0000000105600040 0000000000000000
0x00007fff5fbfca10:   0000000100000005 0000000000000000
0x00007fff5fbfca20:   0000000000000000 0000000105772100
0x00007fff5fbfca30:   0000000107a01380 0000000000000000
0x00007fff5fbfca40:   00007fff78b84a40 00000001054b3785
0x00007fff5fbfca50:   00007fff5fbfca90 00000001054be113
0x00007fff5fbfca60:   00007fff5fbfcab0 00007fff959f0618
0x00007fff5fbfca70:   000000010b542550 000000010b542550
0x00007fff5fbfca80:   00007fff798d0518 000000010d802580
0x00007fff5fbfca90:   00007fff5fbfcab0 00007fff90d558f5
0x00007fff5fbfcaa0:   0000000000000000 0000000000000000
0x00007fff5fbfcab0:   00007fff5fbfcad0 00007fff90d4a3c3
0x00007fff5fbfcac0:   0000000000000000 0000000000000000
0x00007fff5fbfcad0:   00007fff5fbfcb80 00007fff90d5dc1b
0x00007fff5fbfcae0:   0000000000000000 00007fff78b84a40
0x00007fff5fbfcaf0:   00000000000020ff 0000000000000000
0x00007fff5fbfcb00:   0000000007000906 00007fff5fbfcc28
0x00007fff5fbfcb10:   0000000000000000 0000000000000000
0x00007fff5fbfcb20:   0000000000000000 0000000000000000
0x00007fff5fbfcb30:   0000000000000000 0000000000000000
0x00007fff5fbfcb40:   0000000000000000 0000000000000000
0x00007fff5fbfcb50:   00007fff5fbfcc38 0000000000004507
0x00007fff5fbfcb60:   00007fff5fbfcc40 0000000105737050
0x00007fff5fbfcb70:   000000010570a420 000000010600b188
0x00007fff5fbfcb80:   00007fff5fbfcb90 00007fff95a8c999
0x00007fff5fbfcb90:   00007fff5fbfd870 00007fff95a4b9cd
0x00007fff5fbfcba0:   000000010b5cb200 00007fff798d2390
0x00007fff5fbfcbb0:   000000010b51dbe0 0000000000000000
0x00007fff5fbfcbc0:   0000000105737040 000000010b51dbf0 

Instructions: (pc=0x00000001019ec0ef)
0x00000001019ec0cf:   00 00 4d 85 e4 0f 94 44 24 37 48 c7 44 24 28 00
0x00000001019ec0df:   00 00 00 4d 85 f6 0f 94 44 24 27 c6 44 24 26 00
0x00000001019ec0ef:   49 8b 7f 08 48 8d 74 24 50 48 8d 54 24 37 48 8d
0x00000001019ec0ff:   4c 24 48 4c 8d 44 24 27 4c 8d 4c 24 44 4c 8d 54 

Register to memory mapping:

RAX=0x00007fff5fbfe350 is pointing into the stack for thread: 0x0000000116541000
RBX=0x0000000105772100 is an unknown value
RCX=0x00007fff5fbfca78 is pointing into the stack for thread: 0x0000000116541000
RDX=0x0000000104a54088: _ZTVN7mozilla8LoadInfoE+0x2da468 in /Applications/Firefox.app/Contents/MacOS/XUL at 0x000000010030d000
RSP=0x00007fff5fbfc9d0 is pointing into the stack for thread: 0x0000000116541000
RBP=0x00007fff5fbfca50 is pointing into the stack for thread: 0x0000000116541000
RSI=0x0000000000000001 is an unknown value
RDI=0x0000000000000109 is an unknown value
R8 =0x0000000000000005 is an unknown value
R9 =0x0000000105737068 is an unknown value
R10=0xffffffffffffffff is an unknown value
R11=0x0000000000000202 is an unknown value
R12=0x00007fff5fbfca80 is pointing into the stack for thread: 0x0000000116541000
R13=0x0000000107a01280 is an unknown value
R14=0x00007fff5fbfca78 is pointing into the stack for thread: 0x0000000116541000
R15=0x0000000000000000 is an unknown value


Stack: [0x00007fff5f400000,0x00007fff5fc00000],  sp=0x00007fff5fbfc9d0,  free space=8178k
Native frames: (J=compiled Java code, j=interpreted, Vv=VM code, C=native code)
C  [XUL+0x16df0ef]  mozilla_set_coreaudio_notification_runloop_if_needed+0x16cf8f
C  [JavaAppletPlugin+0xe113]  MacNPAPIJavaPlugin::doUpdateWindowLocation()+0x3b
C  [libdispatch.dylib+0xd8f5]  _dispatch_call_block_and_release+0xc
C  [libdispatch.dylib+0x23c3]  _dispatch_client_callout+0x8
C  [libdispatch.dylib+0x15c1b]  _dispatch_main_queue_callback_4CF+0x695
C  [CoreFoundation+0xca999]  __CFRUNLOOP_IS_SERVICING_THE_MAIN_DISPATCH_QUEUE__+0x9
C  [CoreFoundation+0x899cd]  __CFRunLoopRun+0x79d
C  [CoreFoundation+0x88fc8]  CFRunLoopRunSpecific+0x128
C  [HIToolbox+0x30d55]  RunCurrentEventLoopInMode+0xeb
C  [HIToolbox+0x30b8f]  ReceiveNextEventCommon+0x1b0
C  [HIToolbox+0x309cf]  _BlockUntilNextEventMatchingListInModeWithFilter+0x47
C  [AppKit+0x49d96]  _DPSNextEvent+0x42b
C  [AppKit+0x491c5]  -[NSApplication _nextEventMatchingEventMask:untilDate:inMode:dequeue:]+0x1c6
C  [AppKit+0x3dd28]  -[NSApplication run]+0x2aa


---------------  P R O C E S S  ---------------

Java Threads: ( => current thread )
  0x0000000116c35000 JavaThread "JVM[id=1]-Heartbeat" [_thread_blocked, id=64523, stack(0x0000700001c22000,0x0000700001d22000)]
  0x0000000116c34000 JavaThread "Timer-2" [_thread_blocked, id=64775, stack(0x0000700001b1f000,0x0000700001c1f000)]
  0x0000000116c33000 JavaThread "JRE 1.7.0.79 Worker Thread" [_thread_blocked, id=64003, stack(0x0000700001a1c000,0x0000700001b1c000)]
  0x0000000116c22000 JavaThread "JRE 1.7.0.79 Output Reader Thread" [_thread_in_native, id=63491, stack(0x0000700001919000,0x0000700001a19000)]
  0x0000000116c21000 JavaThread "JRE 1.7.0.79 Output Reader Thread" [_thread_in_native, id=62979, stack(0x0000700001816000,0x0000700001916000)]
  0x0000000116c1f000 JavaThread "Thread-6" [_thread_blocked, id=62467, stack(0x0000700001713000,0x0000700001813000)]
  0x0000000116c1e000 JavaThread "process reaper" daemon [_thread_in_native, id=61955, stack(0x00007000016e8000,0x0000700001710000)]
  0x0000000116c12000 JavaThread "Java Plug-In Pipe Worker Thread (Server-Side)" daemon [_thread_in_native, id=61703, stack(0x00007000015e5000,0x00007000016e5000)]
  0x000000011674b000 JavaThread "Thread-4" [_thread_in_native, id=60439, stack(0x000070000011a000,0x000070000019a000)]
  0x000000010576a000 JavaThread "Timer-0" daemon [_thread_blocked, id=12559, stack(0x00007000013df000,0x00007000014df000)]
  0x000000011659e000 JavaThread "Thread-1" daemon [_thread_blocked, id=58627, stack(0x00007000012dc000,0x00007000013dc000)]
  0x0000000116546000 JavaThread "traceMsgQueueThread" daemon [_thread_blocked, id=58115, stack(0x00007000011d9000,0x00007000012d9000)]
=>0x0000000116541000 JavaThread "Thread-0" [_thread_in_native, id=775, stack(0x00007fff5f400000,0x00007fff5fc00000)]
  0x0000000110aff000 JavaThread "Service Thread" daemon [_thread_blocked, id=54275, stack(0x0000700000ecd000,0x0000700000fcd000)]
  0x0000000110af6000 JavaThread "C2 CompilerThread1" daemon [_thread_blocked, id=53763, stack(0x0000700000dca000,0x0000700000eca000)]
  0x0000000110af0000 JavaThread "C2 CompilerThread0" daemon [_thread_blocked, id=53251, stack(0x0000700000cc7000,0x0000700000dc7000)]
  0x00000001108ff000 JavaThread "Signal Dispatcher" daemon [_thread_blocked, id=52491, stack(0x0000700000bc4000,0x0000700000cc4000)]
  0x000000010d91b000 JavaThread "Finalizer" daemon [_thread_blocked, id=51715, stack(0x0000700000ac1000,0x0000700000bc1000)]
  0x000000010d91a000 JavaThread "Reference Handler" daemon [_thread_blocked, id=51203, stack(0x00007000009be000,0x0000700000abe000)]

Other Threads:
  0x000000010d916000 VMThread [stack: 0x00007000008bb000,0x00007000009bb000] [id=50691]
  0x000000011651a000 WatcherThread [stack: 0x0000700000fd0000,0x00007000010d0000] [id=54787]

VM state:not at safepoint (normal execution)

VM Mutex/Monitor currently owned by a thread: None

Heap
 PSYoungGen      total 10240K, used 5003K [0x00000007ff500000, 0x0000000800000000, 0x0000000800000000)
  eden space 9216K, 54% used [0x00000007ff500000,0x00000007ff9e2e28,0x00000007ffe00000)
  from space 1024K, 0% used [0x00000007fff00000,0x00000007fff00000,0x0000000800000000)
  to   space 1024K, 0% used [0x00000007ffe00000,0x00000007ffe00000,0x00000007fff00000)
 ParOldGen       total 21504K, used 0K [0x00000007fe000000, 0x00000007ff500000, 0x00000007ff500000)
  object space 21504K, 0% used [0x00000007fe000000,0x00000007fe000000,0x00000007ff500000)
 PSPermGen       total 21504K, used 6129K [0x00000007f8e00000, 0x00000007fa300000, 0x00000007fe000000)
  object space 21504K, 28% used [0x00000007f8e00000,0x00000007f93fc4e8,0x00000007fa300000)

Card table byte_map: [0x000000010cc56000,0x000000010cc90000] byte_map_base: 0x0000000108c8f000

Polling page: 0x000000010b83c000

Code Cache  [0x0000000112a63000, 0x0000000112cd3000, 0x0000000115a63000)
 total_blobs=307 nmethods=12 adapters=250 free_code_cache=48693Kb largest_free_block=49844352

Compilation events (10 events):
Event: 0.149 Thread 0x0000000110af0000 nmethod 7 0x0000000112acaad0 code [0x0000000112acac20, 0x0000000112acae98]
Event: 0.150 Thread 0x0000000110af6000 nmethod 6 0x0000000112acce10 code [0x0000000112accf80, 0x0000000112acd4a8]
Event: 0.153 Thread 0x0000000110af0000    8             java.lang.String::indexOf (166 bytes)
Event: 0.160 Thread 0x0000000110af0000 nmethod 8 0x0000000112acfc10 code [0x0000000112acfd60, 0x0000000112ad02d8]
Event: 0.207 Thread 0x0000000110af6000    9             java.lang.Object::<init> (1 bytes)
Event: 0.207 Thread 0x0000000110af6000 nmethod 9 0x0000000112ad3910 code [0x0000000112ad3a40, 0x0000000112ad3ad8]
Event: 5.066 Thread 0x0000000110af0000   10             java.lang.String::lastIndexOf (52 bytes)
Event: 5.068 Thread 0x0000000110af0000 nmethod 10 0x0000000112ad82d0 code [0x0000000112ad8420, 0x0000000112ad85a8]
Event: 5.068 Thread 0x0000000110af6000   12             java.lang.String::startsWith (72 bytes)
Event: 5.070 Thread 0x0000000110af6000 nmethod 12 0x0000000112ad65d0 code [0x0000000112ad6720, 0x0000000112ad6918]

GC Heap History (0 events):
No events

Deoptimization events (1 events):
Event: 5.065 Thread 0x0000000116541000 Uncommon trap: reason=class_check action=maybe_recompile pc=0x0000000112ace048 method=java.util.Properties$LineReader.readLine()I @ 402

Internal exceptions (10 events):
Event: 0.156 Thread 0x000000010d8c3000 Threw 0x00000007ff695138 at /HUDSON/workspace/7u-2-build-macosx-x86_64/jdk7u79/2331/hotspot/src/share/vm/prims/jvm.cpp:1304
Event: 0.157 Thread 0x000000010d8c3000 Threw 0x00000007ff699828 at /HUDSON/workspace/7u-2-build-macosx-x86_64/jdk7u79/2331/hotspot/src/share/vm/prims/jvm.cpp:1304
Event: 0.157 Thread 0x000000010d8c3000 Threw 0x00000007ff699950 at /HUDSON/workspace/7u-2-build-macosx-x86_64/jdk7u79/2331/hotspot/src/share/vm/prims/jvm.cpp:1304
Event: 0.244 Thread 0x000000010d8c3000 Threw 0x00000007ff796688 at /HUDSON/workspace/7u-2-build-macosx-x86_64/jdk7u79/2331/hotspot/src/share/vm/prims/jvm.cpp:1304
Event: 0.244 Thread 0x000000010d8c3000 Threw 0x00000007ff797be0 at /HUDSON/workspace/7u-2-build-macosx-x86_64/jdk7u79/2331/hotspot/src/share/vm/prims/jvm.cpp:1304
Event: 0.245 Thread 0x000000010d8c3000 Threw 0x00000007ff79c2a8 at /HUDSON/workspace/7u-2-build-macosx-x86_64/jdk7u79/2331/hotspot/src/share/vm/prims/jvm.cpp:1304
Event: 0.246 Thread 0x000000010d8c3000 Threw 0x00000007ff79d860 at /HUDSON/workspace/7u-2-build-macosx-x86_64/jdk7u79/2331/hotspot/src/share/vm/prims/jvm.cpp:1304
Event: 0.395 Thread 0x000000010d8c3000 Threw 0x00000007ff848b00 at /HUDSON/workspace/7u-2-build-macosx-x86_64/jdk7u79/2331/hotspot/src/share/vm/prims/jni.cpp:717
Event: 0.395 Thread 0x000000010d8c3000 Threw 0x00000007ff848d10 at /HUDSON/workspace/7u-2-build-macosx-x86_64/jdk7u79/2331/hotspot/src/share/vm/prims/jni.cpp:717
Event: 0.395 Thread 0x000000010d8c3000 Threw 0x00000007ff848e90 at /HUDSON/workspace/7u-2-build-macosx-x86_64/jdk7u79/2331/hotspot/src/share/vm/prims/jni.cpp:717

Events (10 events):
Event: 5.095 loading class 0x00000001166f8440
Event: 5.095 loading class 0x00000001166f8440 done
Event: 5.136 loading class 0x0000000116635970
Event: 5.136 loading class 0x0000000116635970 done
Event: 5.136 loading class 0x00000001166ed1b0
Event: 5.136 loading class 0x00000001166ed1b0 done
Event: 17.664 loading class 0x00000001166358a0
Event: 17.664 loading class 0x00000001166358a0 done
Event: 24.129 Thread 0x0000000116c11000 Thread exited: 0x0000000116c11000
Event: 24.131 Thread 0x000000010d8c3000 Thread exited: 0x000000010d8c3000


Dynamic libraries:
0x000000010000a000 	/Applications/Firefox.app/Contents/MacOS/libplugin_child_interpose.dylib
0x0000000007490000 	/System/Library/Frameworks/Cocoa.framework/Versions/A/Cocoa
0x0000000007490000 	/usr/lib/libobjc.A.dylib
0x0000000007490000 	/System/Library/Frameworks/AudioToolbox.framework/Versions/A/AudioToolbox
0x0000000007490000 	/System/Library/Frameworks/ExceptionHandling.framework/Versions/A/ExceptionHandling
0x0000000100010000 	/Applications/Firefox.app/Contents/MacOS/libmozglue.dylib
0x0000000100030000 	/Applications/Firefox.app/Contents/MacOS/libnss3.dylib
0x000000010030d000 	/Applications/Firefox.app/Contents/MacOS/XUL
0x0000000007490000 	/usr/lib/libstdc++.6.dylib
0x0000000007490000 	/usr/lib/libSystem.B.dylib
0x0000000007490000 	/System/Library/Frameworks/CoreFoundation.framework/Versions/A/CoreFoundation
0x0000000007490000 	/System/Library/Frameworks/AppKit.framework/Versions/C/AppKit
0x0000000007490000 	/System/Library/Frameworks/CoreData.framework/Versions/A/CoreData
0x0000000007490000 	/System/Library/Frameworks/Foundation.framework/Versions/C/Foundation
0x0000000007490000 	/System/Library/PrivateFrameworks/RemoteViewServices.framework/Versions/A/RemoteViewServices
0x0000000007490000 	/System/Library/PrivateFrameworks/UIFoundation.framework/Versions/A/UIFoundation
0x0000000007490000 	/usr/lib/libScreenReader.dylib
0x0000000007490000 	/System/Library/Frameworks/Accelerate.framework/Versions/A/Accelerate
0x0000000007490000 	/System/Library/Frameworks/IOSurface.framework/Versions/A/IOSurface
0x0000000007490000 	/System/Library/Frameworks/ApplicationServices.framework/Versions/A/ApplicationServices
0x0000000007490000 	/System/Library/Frameworks/AudioUnit.framework/Versions/A/AudioUnit
0x0000000007490000 	/System/Library/PrivateFrameworks/DataDetectorsCore.framework/Versions/A/DataDetectorsCore
0x0000000007490000 	/System/Library/PrivateFrameworks/DesktopServicesPriv.framework/Versions/A/DesktopServicesPriv
0x0000000007490000 	/System/Library/Frameworks/Carbon.framework/Versions/A/Frameworks/HIToolbox.framework/Versions/A/HIToolbox
0x0000000007490000 	/System/Library/Frameworks/QuartzCore.framework/Versions/A/QuartzCore
0x0000000007490000 	/System/Library/Frameworks/Security.framework/Versions/A/Security
0x0000000007490000 	/System/Library/Frameworks/Carbon.framework/Versions/A/Frameworks/SpeechRecognition.framework/Versions/A/SpeechRecognition
0x0000000007490000 	/usr/lib/libauto.dylib
0x0000000007490000 	/usr/lib/libicucore.A.dylib
0x0000000007490000 	/usr/lib/libxml2.2.dylib
0x0000000007490000 	/usr/lib/libz.1.dylib
0x0000000007490000 	/System/Library/PrivateFrameworks/CoreUI.framework/Versions/A/CoreUI
0x0000000007490000 	/System/Library/Frameworks/CoreAudio.framework/Versions/A/CoreAudio
0x0000000007490000 	/System/Library/Frameworks/DiskArbitration.framework/Versions/A/DiskArbitration
0x0000000007490000 	/usr/lib/liblangid.dylib
0x0000000007490000 	/System/Library/PrivateFrameworks/MultitouchSupport.framework/Versions/A/MultitouchSupport
0x0000000007490000 	/System/Library/Frameworks/IOKit.framework/Versions/A/IOKit
0x0000000007490000 	/usr/lib/libDiagnosticMessagesClient.dylib
0x0000000007490000 	/System/Library/Frameworks/CoreServices.framework/Versions/A/CoreServices
0x0000000007490000 	/System/Library/PrivateFrameworks/PerformanceAnalysis.framework/Versions/A/PerformanceAnalysis
0x0000000007490000 	/System/Library/PrivateFrameworks/GenerationalStorage.framework/Versions/A/GenerationalStorage
0x0000000007490000 	/System/Library/Frameworks/OpenGL.framework/Versions/A/OpenGL
0x0000000007490000 	/System/Library/PrivateFrameworks/Sharing.framework/Versions/A/Sharing
0x0000000007490000 	/System/Library/Frameworks/CoreGraphics.framework/Versions/A/CoreGraphics
0x0000000007490000 	/System/Library/Frameworks/CoreImage.framework/Versions/A/CoreImage
0x0000000007490000 	/System/Library/Frameworks/CoreText.framework/Versions/A/CoreText
0x0000000007490000 	/System/Library/Frameworks/ImageIO.framework/Versions/A/ImageIO
0x0000000007490000 	/System/Library/PrivateFrameworks/Backup.framework/Versions/A/Backup
0x0000000007490000 	/usr/lib/libextension.dylib
0x0000000007490000 	/usr/lib/libarchive.2.dylib
0x0000000007490000 	/System/Library/Frameworks/CFNetwork.framework/Versions/A/CFNetwork
0x0000000007490000 	/System/Library/Frameworks/SystemConfiguration.framework/Versions/A/SystemConfiguration
0x0000000007490000 	/usr/lib/libCRFSuite.dylib
0x0000000007490000 	/usr/lib/libc++.1.dylib
0x0000000007490000 	/usr/lib/libc++abi.dylib
0x0000000007490000 	/usr/lib/system/libcache.dylib
0x0000000007490000 	/usr/lib/system/libcommonCrypto.dylib
0x0000000007490000 	/usr/lib/system/libcompiler_rt.dylib
0x0000000007490000 	/usr/lib/system/libcopyfile.dylib
0x0000000007490000 	/usr/lib/system/libcorecrypto.dylib
0x0000000007490000 	/usr/lib/system/libdispatch.dylib
0x0000000007490000 	/usr/lib/system/libdyld.dylib
0x0000000007490000 	/usr/lib/system/libkeymgr.dylib
0x0000000007490000 	/usr/lib/system/liblaunch.dylib
0x0000000007490000 	/usr/lib/system/libmacho.dylib
0x0000000007490000 	/usr/lib/system/libquarantine.dylib
0x0000000007490000 	/usr/lib/system/libremovefile.dylib
0x0000000007490000 	/usr/lib/system/libsystem_asl.dylib
0x0000000007490000 	/usr/lib/system/libsystem_blocks.dylib
0x0000000007490000 	/usr/lib/system/libsystem_c.dylib
0x0000000007490000 	/usr/lib/system/libsystem_configuration.dylib
0x0000000007490000 	/usr/lib/system/libsystem_coreservices.dylib
0x0000000007490000 	/usr/lib/system/libsystem_coretls.dylib
0x0000000007490000 	/usr/lib/system/libsystem_dnssd.dylib
0x0000000007490000 	/usr/lib/system/libsystem_info.dylib
0x0000000007490000 	/usr/lib/system/libsystem_kernel.dylib
0x0000000007490000 	/usr/lib/system/libsystem_m.dylib
0x0000000007490000 	/usr/lib/system/libsystem_malloc.dylib
0x0000000007490000 	/usr/lib/system/libsystem_network.dylib
0x0000000007490000 	/usr/lib/system/libsystem_networkextension.dylib
0x0000000007490000 	/usr/lib/system/libsystem_notify.dylib
0x0000000007490000 	/usr/lib/system/libsystem_platform.dylib
0x0000000007490000 	/usr/lib/system/libsystem_pthread.dylib
0x0000000007490000 	/usr/lib/system/libsystem_sandbox.dylib
0x0000000007490000 	/usr/lib/system/libsystem_secinit.dylib
0x0000000007490000 	/usr/lib/system/libsystem_trace.dylib
0x0000000007490000 	/usr/lib/system/libunc.dylib
0x0000000007490000 	/usr/lib/system/libunwind.dylib
0x0000000007490000 	/usr/lib/system/libxpc.dylib
0x0000000007490000 	/usr/lib/libenergytrace.dylib
0x0000000007490000 	/usr/lib/libbsm.0.dylib
0x0000000007490000 	/usr/lib/system/libkxld.dylib
0x0000000007490000 	/usr/lib/libxar.1.dylib
0x0000000007490000 	/usr/lib/libsqlite3.dylib
0x0000000007490000 	/usr/lib/libpam.2.dylib
0x0000000007490000 	/usr/lib/libOpenScriptingUtil.dylib
0x0000000007490000 	/usr/lib/libbz2.1.0.dylib
0x0000000007490000 	/usr/lib/liblzma.5.dylib
0x0000000007490000 	/System/Library/Frameworks/CoreServices.framework/Versions/A/Frameworks/FSEvents.framework/Versions/A/FSEvents
0x0000000007490000 	/System/Library/Frameworks/CoreServices.framework/Versions/A/Frameworks/CarbonCore.framework/Versions/A/CarbonCore
0x0000000007490000 	/System/Library/Frameworks/CoreServices.framework/Versions/A/Frameworks/Metadata.framework/Versions/A/Metadata
0x0000000007490000 	/System/Library/Frameworks/CoreServices.framework/Versions/A/Frameworks/OSServices.framework/Versions/A/OSServices
0x0000000007490000 	/System/Library/Frameworks/CoreServices.framework/Versions/A/Frameworks/SearchKit.framework/Versions/A/SearchKit
0x0000000007490000 	/System/Library/Frameworks/CoreServices.framework/Versions/A/Frameworks/AE.framework/Versions/A/AE
0x0000000007490000 	/System/Library/Frameworks/CoreServices.framework/Versions/A/Frameworks/LaunchServices.framework/Versions/A/LaunchServices
0x0000000007490000 	/System/Library/Frameworks/CoreServices.framework/Versions/A/Frameworks/DictionaryServices.framework/Versions/A/DictionaryServices
0x0000000007490000 	/System/Library/Frameworks/CoreServices.framework/Versions/A/Frameworks/SharedFileList.framework/Versions/A/SharedFileList
0x0000000007490000 	/System/Library/Frameworks/NetFS.framework/Versions/A/NetFS
0x0000000007490000 	/System/Library/PrivateFrameworks/NetAuth.framework/Versions/A/NetAuth
0x0000000007490000 	/System/Library/PrivateFrameworks/login.framework/Versions/A/Frameworks/loginsupport.framework/Versions/A/loginsupport
0x0000000007490000 	/System/Library/PrivateFrameworks/TCC.framework/Versions/A/TCC
0x0000000007490000 	/usr/lib/libmecabra.dylib
0x0000000007490000 	/System/Library/Frameworks/ApplicationServices.framework/Versions/A/Frameworks/ATS.framework/Versions/A/ATS
0x0000000007490000 	/System/Library/Frameworks/ApplicationServices.framework/Versions/A/Frameworks/ColorSync.framework/Versions/A/ColorSync
0x0000000007490000 	/System/Library/Frameworks/ApplicationServices.framework/Versions/A/Frameworks/HIServices.framework/Versions/A/HIServices
0x0000000007490000 	/System/Library/Frameworks/ApplicationServices.framework/Versions/A/Frameworks/LangAnalysis.framework/Versions/A/LangAnalysis
0x0000000007490000 	/System/Library/Frameworks/ApplicationServices.framework/Versions/A/Frameworks/PrintCore.framework/Versions/A/PrintCore
0x0000000007490000 	/System/Library/Frameworks/ApplicationServices.framework/Versions/A/Frameworks/QD.framework/Versions/A/QD
0x0000000007490000 	/System/Library/Frameworks/ApplicationServices.framework/Versions/A/Frameworks/SpeechSynthesis.framework/Versions/A/SpeechSynthesis
0x0000000007490000 	/System/Library/Frameworks/Metal.framework/Versions/A/Metal
0x0000000007490000 	/System/Library/Frameworks/Accelerate.framework/Versions/A/Frameworks/vImage.framework/Versions/A/vImage
0x0000000007490000 	/System/Library/Frameworks/Accelerate.framework/Versions/A/Frameworks/vecLib.framework/Versions/A/vecLib
0x0000000007490000 	/System/Library/Frameworks/Accelerate.framework/Versions/A/Frameworks/vecLib.framework/Versions/A/libvDSP.dylib
0x0000000007490000 	/System/Library/Frameworks/Accelerate.framework/Versions/A/Frameworks/vecLib.framework/Versions/A/libvMisc.dylib
0x0000000007490000 	/System/Library/Frameworks/Accelerate.framework/Versions/A/Frameworks/vecLib.framework/Versions/A/libLAPACK.dylib
0x0000000007490000 	/System/Library/Frameworks/Accelerate.framework/Versions/A/Frameworks/vecLib.framework/Versions/A/libBLAS.dylib
0x0000000007490000 	/System/Library/Frameworks/Accelerate.framework/Versions/A/Frameworks/vecLib.framework/Versions/A/libLinearAlgebra.dylib
0x0000000007490000 	/System/Library/Frameworks/Accelerate.framework/Versions/A/Frameworks/vecLib.framework/Versions/A/libSparseBLAS.dylib
0x0000000007490000 	/System/Library/PrivateFrameworks/GPUCompiler.framework/libmetal_timestamp.dylib
0x0000000007490000 	/System/Library/Frameworks/OpenGL.framework/Versions/A/Libraries/libCoreFSCache.dylib
0x0000000007490000 	/System/Library/PrivateFrameworks/IOAccelerator.framework/Versions/A/IOAccelerator
0x0000000007490000 	/System/Library/Frameworks/ApplicationServices.framework/Versions/A/Frameworks/ATS.framework/Versions/A/Resources/libFontParser.dylib
0x0000000007490000 	/System/Library/Frameworks/ApplicationServices.framework/Versions/A/Frameworks/ATS.framework/Versions/A/Resources/libFontRegistry.dylib
0x0000000007490000 	/System/Library/PrivateFrameworks/AppleVPA.framework/Versions/A/AppleVPA
0x0000000007490000 	/System/Library/PrivateFrameworks/AppleJPEG.framework/Versions/A/AppleJPEG
0x0000000007490000 	/System/Library/Frameworks/ImageIO.framework/Versions/A/Resources/libJPEG.dylib
0x0000000007490000 	/System/Library/Frameworks/ImageIO.framework/Versions/A/Resources/libTIFF.dylib
0x0000000007490000 	/System/Library/Frameworks/ImageIO.framework/Versions/A/Resources/libPng.dylib
0x0000000007490000 	/System/Library/Frameworks/ImageIO.framework/Versions/A/Resources/libGIF.dylib
0x0000000007490000 	/System/Library/Frameworks/ImageIO.framework/Versions/A/Resources/libJP2.dylib
0x0000000007490000 	/System/Library/Frameworks/ImageIO.framework/Versions/A/Resources/libRadiance.dylib
0x0000000007490000 	/System/Library/Frameworks/CoreVideo.framework/Versions/A/CoreVideo
0x0000000007490000 	/System/Library/Frameworks/OpenGL.framework/Versions/A/Libraries/libGLU.dylib
0x0000000007490000 	/System/Library/Frameworks/OpenGL.framework/Versions/A/Libraries/libGFXShared.dylib
0x0000000007490000 	/System/Library/Frameworks/OpenGL.framework/Versions/A/Libraries/libGL.dylib
0x0000000007490000 	/System/Library/Frameworks/OpenGL.framework/Versions/A/Libraries/libGLImage.dylib
0x0000000007490000 	/System/Library/Frameworks/OpenGL.framework/Versions/A/Libraries/libCVMSPluginSupport.dylib
0x0000000007490000 	/System/Library/Frameworks/OpenGL.framework/Versions/A/Libraries/libCoreVMClient.dylib
0x0000000007490000 	/usr/lib/libcups.2.dylib
0x0000000007490000 	/System/Library/Frameworks/Kerberos.framework/Versions/A/Kerberos
0x0000000007490000 	/System/Library/Frameworks/GSS.framework/Versions/A/GSS
0x0000000007490000 	/usr/lib/libresolv.9.dylib
0x0000000007490000 	/usr/lib/libiconv.2.dylib
0x0000000007490000 	/System/Library/PrivateFrameworks/Heimdal.framework/Versions/A/Heimdal
0x0000000007490000 	/usr/lib/libheimdal-asn1.dylib
0x0000000007490000 	/System/Library/Frameworks/OpenDirectory.framework/Versions/A/OpenDirectory
0x0000000007490000 	/System/Library/PrivateFrameworks/CommonAuth.framework/Versions/A/CommonAuth
0x0000000007490000 	/System/Library/Frameworks/OpenDirectory.framework/Versions/A/Frameworks/CFOpenDirectory.framework/Versions/A/CFOpenDirectory
0x0000000007490000 	/System/Library/Frameworks/SecurityFoundation.framework/Versions/A/SecurityFoundation
0x0000000007490000 	/System/Library/PrivateFrameworks/LanguageModeling.framework/Versions/A/LanguageModeling
0x0000000007490000 	/usr/lib/libmarisa.dylib
0x0000000007490000 	/usr/lib/libChineseTokenizer.dylib
0x0000000007490000 	/usr/lib/libcmph.dylib
0x0000000007490000 	/usr/lib/libcompression.dylib
0x0000000007490000 	/System/Library/Frameworks/ServiceManagement.framework/Versions/A/ServiceManagement
0x0000000007490000 	/usr/lib/libxslt.1.dylib
0x0000000007490000 	/System/Library/Frameworks/Carbon.framework/Versions/A/Frameworks/Ink.framework/Versions/A/Ink
0x0000000007490000 	/usr/lib/libFosl_dynamic.dylib
0x0000000007490000 	/System/Library/PrivateFrameworks/FaceCore.framework/Versions/A/FaceCore
0x0000000007490000 	/System/Library/Frameworks/OpenCL.framework/Versions/A/OpenCL
0x0000000007490000 	/System/Library/PrivateFrameworks/CrashReporterSupport.framework/Versions/A/CrashReporterSupport
0x0000000007490000 	/System/Library/PrivateFrameworks/IconServices.framework/Versions/A/IconServices
0x0000000007490000 	/System/Library/PrivateFrameworks/Apple80211.framework/Versions/A/Apple80211
0x0000000007490000 	/System/Library/Frameworks/CoreWLAN.framework/Versions/A/CoreWLAN
0x0000000007490000 	/System/Library/Frameworks/IOBluetooth.framework/Versions/A/IOBluetooth
0x0000000007490000 	/System/Library/PrivateFrameworks/CoreWiFi.framework/Versions/A/CoreWiFi
0x0000000007490000 	/System/Library/Frameworks/CoreBluetooth.framework/Versions/A/CoreBluetooth
0x0000000007490000 	/System/Library/PrivateFrameworks/ChunkingLibrary.framework/Versions/A/ChunkingLibrary
0x0000000007490000 	/System/Library/PrivateFrameworks/DebugSymbols.framework/Versions/A/DebugSymbols
0x0000000007490000 	/System/Library/PrivateFrameworks/CoreSymbolication.framework/Versions/A/CoreSymbolication
0x0000000007490000 	/System/Library/PrivateFrameworks/Symbolication.framework/Versions/A/Symbolication
0x0000000007490000 	/System/Library/PrivateFrameworks/SpeechRecognitionCore.framework/Versions/A/SpeechRecognitionCore
0x0000000104e20000 	/Applications/Firefox.app/Contents/MacOS/liblgpllibs.dylib
0x0000000007490000 	/System/Library/Frameworks/QTKit.framework/Versions/A/QTKit
0x0000000007490000 	/System/Library/Frameworks/CoreLocation.framework/Versions/A/CoreLocation
0x0000000007490000 	/System/Library/Frameworks/Carbon.framework/Versions/A/Carbon
0x0000000007490000 	/System/Library/Frameworks/AddressBook.framework/Versions/A/AddressBook
0x0000000007490000 	/System/Library/Frameworks/AVFoundation.framework/Versions/A/AVFoundation
0x0000000007490000 	/System/Library/Frameworks/CoreMedia.framework/Versions/A/CoreMedia
0x0000000007490000 	/System/Library/Frameworks/MediaToolbox.framework/Versions/A/MediaToolbox
0x0000000007490000 	/System/Library/Frameworks/VideoToolbox.framework/Versions/A/VideoToolbox
0x0000000007490000 	/System/Library/PrivateFrameworks/CoreMediaAuthoring.framework/Versions/A/CoreMediaAuthoring
0x0000000007490000 	/System/Library/Frameworks/CoreMediaIO.framework/Versions/A/CoreMediaIO
0x0000000007490000 	/System/Library/Frameworks/AVFoundation.framework/Versions/A/Resources/libAVFAudio.dylib
0x0000000007490000 	/usr/lib/libspindump.dylib
0x0000000007490000 	/System/Library/PrivateFrameworks/CoreAVCHD.framework/Versions/A/CoreAVCHD
0x0000000007490000 	/System/Library/Frameworks/MediaAccessibility.framework/Versions/A/MediaAccessibility
0x0000000007490000 	/System/Library/PrivateFrameworks/Mangrove.framework/Versions/A/Mangrove
0x0000000007490000 	/System/Library/PrivateFrameworks/CoreAUC.framework/Versions/A/CoreAUC
0x0000000007490000 	/System/Library/PrivateFrameworks/AppleVA.framework/Versions/A/AppleVA
0x0000000007490000 	/System/Library/PrivateFrameworks/XPCService.framework/Versions/A/XPCService
0x0000000007490000 	/System/Library/PrivateFrameworks/AppSandbox.framework/Versions/A/AppSandbox
0x0000000007490000 	/usr/lib/libsandbox.1.dylib
0x0000000007490000 	/System/Library/PrivateFrameworks/AppContainer.framework/Versions/A/AppContainer
0x0000000007490000 	/System/Library/PrivateFrameworks/SecCodeWrapper.framework/Versions/A/SecCodeWrapper
0x0000000007490000 	/usr/lib/libMatch.1.dylib
0x0000000007490000 	/System/Library/Frameworks/Carbon.framework/Versions/A/Frameworks/CommonPanels.framework/Versions/A/CommonPanels
0x0000000007490000 	/System/Library/Frameworks/Carbon.framework/Versions/A/Frameworks/Help.framework/Versions/A/Help
0x0000000007490000 	/System/Library/Frameworks/Carbon.framework/Versions/A/Frameworks/ImageCapture.framework/Versions/A/ImageCapture
0x0000000007490000 	/System/Library/Frameworks/Carbon.framework/Versions/A/Frameworks/OpenScripting.framework/Versions/A/OpenScripting
0x0000000007490000 	/System/Library/Frameworks/Carbon.framework/Versions/A/Frameworks/Print.framework/Versions/A/Print
0x0000000007490000 	/System/Library/Frameworks/Carbon.framework/Versions/A/Frameworks/SecurityHI.framework/Versions/A/SecurityHI
0x0000000007490000 	/System/Library/PrivateFrameworks/GeoServices.framework/Versions/A/GeoServices
0x0000000007490000 	/System/Library/PrivateFrameworks/ProtocolBuffer.framework/Versions/A/ProtocolBuffer
0x0000000007490000 	/System/Library/PrivateFrameworks/ContactsPersistence.framework/Versions/A/ContactsPersistence
0x0000000007490000 	/System/Library/PrivateFrameworks/ContactsFoundation.framework/Versions/A/ContactsFoundation
0x0000000007490000 	/System/Library/PrivateFrameworks/vCard.framework/Versions/A/vCard
0x0000000007490000 	/System/Library/PrivateFrameworks/IntlPreferences.framework/Versions/A/IntlPreferences
0x0000000007490000 	/System/Library/PrivateFrameworks/ToneLibrary.framework/Versions/A/ToneLibrary
0x0000000007490000 	/System/Library/PrivateFrameworks/ToneKit.framework/Versions/A/ToneKit
0x0000000007490000 	/System/Library/PrivateFrameworks/ApplePushService.framework/Versions/A/ApplePushService
0x0000000007490000 	/System/Library/Frameworks/DirectoryService.framework/Versions/A/DirectoryService
0x0000000007490000 	/System/Library/Frameworks/SecurityInterface.framework/Versions/A/SecurityInterface
0x0000000007490000 	/System/Library/PrivateFrameworks/PhoneNumbers.framework/Versions/A/PhoneNumbers
0x0000000007490000 	/System/Library/PrivateFrameworks/ViewBridge.framework/Versions/A/ViewBridge
0x0000000007490000 	/System/Library/Frameworks/Quartz.framework/Versions/A/Quartz
0x0000000007490000 	/System/Library/Frameworks/LDAP.framework/Versions/A/LDAP
0x0000000007490000 	/System/Library/PrivateFrameworks/CoreDaemon.framework/Versions/B/CoreDaemon
0x0000000007490000 	/usr/lib/libcrypto.0.9.8.dylib
0x0000000007490000 	/System/Library/PrivateFrameworks/AppleSRP.framework/Versions/A/AppleSRP
0x0000000007490000 	/System/Library/PrivateFrameworks/TrustEvaluationAgent.framework/Versions/A/TrustEvaluationAgent
0x0000000007490000 	/System/Library/Frameworks/Quartz.framework/Versions/A/Frameworks/QuartzComposer.framework/Versions/A/QuartzComposer
0x0000000007490000 	/System/Library/Frameworks/Quartz.framework/Versions/A/Frameworks/PDFKit.framework/Versions/A/PDFKit
0x0000000007490000 	/System/Library/Frameworks/Quartz.framework/Versions/A/Frameworks/QuartzFilters.framework/Versions/A/QuartzFilters
0x0000000007490000 	/System/Library/Frameworks/Quartz.framework/Versions/A/Frameworks/ImageKit.framework/Versions/A/ImageKit
0x0000000007490000 	/System/Library/Frameworks/Quartz.framework/Versions/A/Frameworks/QuickLookUI.framework/Versions/A/QuickLookUI
0x0000000007490000 	/System/Library/Frameworks/JavaScriptCore.framework/Versions/A/JavaScriptCore
0x0000000007490000 	/System/Library/PrivateFrameworks/AppleSystemInfo.framework/Versions/A/AppleSystemInfo
0x0000000007490000 	/System/Library/PrivateFrameworks/CorePDF.framework/Versions/A/CorePDF
0x0000000007490000 	/System/Library/Frameworks/QuickLook.framework/Versions/A/QuickLook
0x0000000007490000 	/System/Library/PrivateFrameworks/DisplayServices.framework/Versions/A/DisplayServices
0x0000000007490000 	/System/Library/Frameworks/ImageCaptureCore.framework/Versions/A/ImageCaptureCore
0x0000000007490000 	/System/Library/PrivateFrameworks/SafariServices.framework/Versions/A/SafariServices
0x0000000007490000 	/usr/lib/libsasl2.2.dylib
0x0000000007490000 	/System/Library/PrivateFrameworks/CoreServicesInternal.framework/Versions/A/CoreServicesInternal
0x00000001054b0000 	/Library/Internet Plug-Ins/JavaAppletPlugin.plugin/Contents/MacOS/JavaAppletPlugin
0x00000001054e1000 	/Library/Internet Plug-Ins/JavaAppletPlugin.plugin/Contents/Home/lib/jli/./libjli.dylib
0x000000010b4c4000 	/Library/Internet Plug-Ins/JavaAppletPlugin.plugin/Contents/Home/lib/./libdeploy.dylib
0x000000010b600000 	/System/Library/Frameworks/JavaVM.framework/Versions/A/Frameworks/JavaRuntimeSupport.framework/Versions/A/JavaRuntimeSupport
0x000000010b61b000 	/System/Library/Frameworks/JavaVM.framework/Versions/A/Frameworks/JavaNativeFoundation.framework/Versions/A/JavaNativeFoundation
0x000000010b630000 	/Library/Internet Plug-Ins/JavaAppletPlugin.plugin/Contents/Frameworks/Sparkle.framework/Versions/A/Sparkle
0x0000000007490000 	/System/Library/Frameworks/WebKit.framework/Versions/A/WebKit
0x0000000007490000 	/System/Library/Frameworks/WebKit.framework/Versions/A/Frameworks/WebKitLegacy.framework/Versions/A/WebKitLegacy
0x0000000007490000 	/System/Library/Frameworks/WebKit.framework/Versions/A/Frameworks/WebCore.framework/Versions/A/WebCore
0x00000001054f0000 	/System/Library/Frameworks/JavaVM.framework/Versions/A/JavaVM
0x000000010b4ec000 	/System/Library/PrivateFrameworks/JavaLaunching.framework/Versions/A/JavaLaunching
0x0000000007490000 	/System/Library/PrivateFrameworks/FamilyControls.framework/Versions/A/FamilyControls
0x0000000007490000 	/System/Library/PrivateFrameworks/CommerceKit.framework/Versions/A/Frameworks/CommerceCore.framework/Versions/A/CommerceCore
0x0000000007490000 	/System/Library/PrivateFrameworks/SystemAdministration.framework/Versions/A/SystemAdministration
0x0000000007490000 	/System/Library/PrivateFrameworks/DiskImages.framework/Versions/A/DiskImages
0x0000000007490000 	/System/Library/PrivateFrameworks/LoginUIKit.framework/Versions/A/Frameworks/LoginUICore.framework/Versions/A/LoginUICore
0x0000000007490000 	/usr/lib/libCoreStorage.dylib
0x0000000007490000 	/usr/lib/libcsfde.dylib
0x0000000007490000 	/usr/lib/libodfde.dylib
0x0000000007490000 	/System/Library/Frameworks/DiscRecording.framework/Versions/A/DiscRecording
0x0000000007490000 	/usr/lib/libcurl.4.dylib
0x0000000007490000 	/System/Library/PrivateFrameworks/MediaKit.framework/Versions/A/MediaKit
0x0000000007490000 	/System/Library/PrivateFrameworks/ProtectedCloudStorage.framework/Versions/A/ProtectedCloudStorage
0x0000000007490000 	/System/Library/PrivateFrameworks/EFILogin.framework/Versions/A/EFILogin
0x0000000007490000 	/usr/lib/libutil.dylib
0x0000000007490000 	/System/Library/PrivateFrameworks/FindMyDevice.framework/Versions/A/FindMyDevice
0x0000000007490000 	/System/Library/Frameworks/CoreGraphics.framework/Versions/A/Resources/libCGXType.A.dylib
0x0000000007490000 	/System/Library/CoreServices/RawCamera.bundle/Contents/MacOS/RawCamera
0x0000000007490000 	/System/Library/Frameworks/CoreGraphics.framework/Versions/A/Resources/libRIP.A.dylib
0x0000000007490000 	/System/Library/Frameworks/Accelerate.framework/Versions/A/Frameworks/vImage.framework/Versions/A/Libraries/libCGInterfaces.dylib
0x0000000007490000 	/System/Library/Frameworks/OpenGL.framework/Versions/A/Resources/GLEngine.bundle/GLEngine
0x0000000007490000 	/System/Library/Frameworks/OpenGL.framework/Versions/A/Libraries/libGLProgrammability.dylib
0x000000010f000000 	/System/Library/Extensions/AppleIntelBDWGraphicsGLDriver.bundle/Contents/MacOS/AppleIntelBDWGraphicsGLDriver
0x0000000007490000 	/System/Library/PrivateFrameworks/GPUSupport.framework/Versions/A/Libraries/libGPUSupportMercury.dylib
0x0000000007490000 	/System/Library/Frameworks/OpenGL.framework/Versions/A/Resources/GLRendererFloat.bundle/GLRendererFloat
0x0000000007490000 	/System/Library/Frameworks/OpenCL.framework/Versions/A/Libraries/libcldcpuengine.dylib
0x000000010fd00000 	/System/Library/Extensions/AppleIntelBDWGraphicsMTLDriver.bundle/Contents/MacOS/AppleIntelBDWGraphicsMTLDriver
0x0000000112000000 	/Library/Internet Plug-Ins/JavaAppletPlugin.plugin/Contents/Home//lib/server/libjvm.dylib
0x000000010b846000 	/Library/Internet Plug-Ins/JavaAppletPlugin.plugin/Contents/Home/lib/libverify.dylib
0x000000010b853000 	/Library/Internet Plug-Ins/JavaAppletPlugin.plugin/Contents/Home/lib/libjava.dylib
0x000000010b88b000 	/Library/Internet Plug-Ins/JavaAppletPlugin.plugin/Contents/Home/lib/libzip.dylib
0x000000010fbe2000 	/Library/Internet Plug-Ins/JavaAppletPlugin.plugin/Contents/Home/lib/libnet.dylib
0x000000010fe16000 	/Library/Internet Plug-Ins/JavaAppletPlugin.plugin/Contents/Home/lib/libnio.dylib
0x000000010fe25000 	/Library/Internet Plug-Ins/JavaAppletPlugin.plugin/Contents/Home/lib/libosx.dylib
0x0000000115eb3000 	/Library/Internet Plug-Ins/JavaAppletPlugin.plugin/Contents/Home/lib/./libosxapp.dylib

VM Arguments:
jvm_args: -Xbootclasspath/a:/Library/Internet Plug-Ins/JavaAppletPlugin.plugin/Contents/Home/lib/deploy.jar:/Library/Internet Plug-Ins/JavaAppletPlugin.plugin/Contents/Home/lib/javaws.jar:/Library/Internet Plug-Ins/JavaAppletPlugin.plugin/Contents/Home/lib/plugin.jar -Xmx32m -Djava.awt.headless=true -XX:MaxDirectMemorySize=64m -Djava.security.manager 
java_command: <unknown>
Launcher Type: generic

Environment Variables:
PATH=/usr/bin:/bin:/usr/sbin:/sbin
SHELL=/bin/bash
DYLD_LIBRARY_PATH=/Applications/Firefox.app/Contents/MacOS
DYLD_INSERT_LIBRARIES=

Signal Handlers:
SIGSEGV: [libjvm.dylib+0x52daf1], sa_mask[0]=0xfffefeff, sa_flags=0x00000043
SIGBUS: [libjvm.dylib+0x52daf1], sa_mask[0]=0xfffefeff, sa_flags=0x00000042
SIGFPE: [libjvm.dylib+0x41f34e], sa_mask[0]=0xfffefeff, sa_flags=0x00000042
SIGPIPE: [libjvm.dylib+0x41f34e], sa_mask[0]=0xfffefeff, sa_flags=0x00000042
SIGXFSZ: [libjvm.dylib+0x41f34e], sa_mask[0]=0xfffefeff, sa_flags=0x00000042
SIGILL: [libjvm.dylib+0x41f34e], sa_mask[0]=0xfffefeff, sa_flags=0x00000042
SIGUSR1: SIG_DFL, sa_mask[0]=0x00000000, sa_flags=0x00000000
SIGUSR2: [libjvm.dylib+0x41ee40], sa_mask[0]=0x00000004, sa_flags=0x00000042
SIGHUP: [libjvm.dylib+0x41d0d1], sa_mask[0]=0xfffefeff, sa_flags=0x00000042
SIGINT: [libjvm.dylib+0x41d0d1], sa_mask[0]=0xfffefeff, sa_flags=0x00000042
SIGTERM: [libjvm.dylib+0x41d0d1], sa_mask[0]=0xfffefeff, sa_flags=0x00000042
SIGQUIT: [libjvm.dylib+0x41d0d1], sa_mask[0]=0xfffefeff, sa_flags=0x00000042


---------------  S Y S T E M  ---------------

OS:Bsduname:Darwin 15.0.0 Darwin Kernel Version 15.0.0: Sat Sep 19 15:53:46 PDT 2015; root:xnu-3247.10.11~1/RELEASE_X86_64 x86_64
rlimit: STACK 8192k, CORE 0k, NPROC 709, NOFILE 10240, AS infinity
load average:2.30 2.06 1.97

CPU:total 4 (2 cores per cpu, 2 threads per core) family 6 model 61 stepping 4, cmov, cx8, fxsr, mmx, sse, sse2, sse3, ssse3, sse4.1, sse4.2, popcnt, avx, avx2, aes, erms, ht, tsc, tscinvbit

Memory: 4k page, physical 8388608k(2097152k free)

/proc/meminfo:


vm_info: Java HotSpot(TM) 64-Bit Server VM (24.79-b02) for bsd-amd64 JRE (1.7.0_79-b15), built on Apr 10 2015 11:35:04 by "java_re" with gcc 4.2.1 (Based on Apple Inc. build 5658) (LLVM build 2336.11.00)

time: Sat Dec 12 17:16:22 2015
elapsed time: 24 seconds

